<?xml version="1.0" encoding="UTF-8"?>
<!-- Generated by org.testng.reporters.JUnitReportReporter -->
<testsuite hostname="LAPTOP-8G7RLK1N" failures="0" tests="5" name="com.TestNG.AnnotationsM3" time="0.027" errors="0" timestamp="2023-11-20T18:47:20 IST" skipped="1">
  <testcase classname="com.TestNG.AnnotationsM3" name="gmailApplicationLogInTest" time="0.011"/>
  <system-out/>
  <testcase classname="com.TestNG.AnnotationsM3" name="gmailApplicationInBoxTest" time="0.004"/>
  <system-out/>
  <testcase classname="com.TestNG.AnnotationsM3" name="GmailApplicationComposeMailTest" time="0.009"/>
  <system-out/>
  <testcase classname="com.TestNG.AnnotationsM3" name="GmailApplicationSentMailTest" time="0.003"/>
  <system-out/>
  <testcase classname="com.TestNG.AnnotationsM3" name="GmailApplicationDraftsMailTest">
    <skipped/>
  </testcase> <!-- GmailApplicationDraftsMailTest -->
  <system-out/>
</testsuite> <!-- com.TestNG.AnnotationsM3 -->
