<?xml version="1.0" encoding="UTF-8"?>
<!-- Generated by org.testng.reporters.JUnitReportReporter -->
<testsuite hostname="LAPTOP-8G7RLK1N" failures="0" tests="5" name="com.TestNG.AnnotationsM2" time="0.015" errors="0" timestamp="2023-11-19T17:48:59 IST" skipped="1">
  <testcase classname="com.TestNG.AnnotationsM2" name="gmailApplicationLogInTest" time="0.008"/>
  <system-out/>
  <testcase classname="com.TestNG.AnnotationsM2" name="gmailApplicationInBoxTest" time="0.003"/>
  <system-out/>
  <testcase classname="com.TestNG.AnnotationsM2" name="GmailApplicationComposeMailTest" time="0.002"/>
  <system-out/>
  <testcase classname="com.TestNG.AnnotationsM2" name="GmailApplicationSentMailTest" time="0.002"/>
  <system-out/>
  <testcase classname="com.TestNG.AnnotationsM2" name="GmailApplicationDraftsMailTest">
    <skipped/>
  </testcase> <!-- GmailApplicationDraftsMailTest -->
  <system-out/>
</testsuite> <!-- com.TestNG.AnnotationsM2 -->
