<?xml version="1.0" encoding="UTF-8"?>
<!-- Generated by org.testng.reporters.JUnitReportReporter -->
<testsuite hostname="LAPTOP-8G7RLK1N" failures="0" tests="7" name="com.TestNG.Annotations1" time="0.024" errors="0" timestamp="2023-11-19T17:44:16 IST" skipped="1">
  <testcase classname="com.TestNG.Annotations1" name="gmailApplicationLaunch" time="0.014"/>
  <system-out/>
  <testcase classname="com.TestNG.Annotations1" name="gmailApplicationLogInTest" time="0.002"/>
  <system-out/>
  <testcase classname="com.TestNG.Annotations1" name="gmailApplicationInBoxTest" time="0.002"/>
  <system-out/>
  <testcase classname="com.TestNG.Annotations1" name="GmailApplicationComposeMailTest" time="0.002"/>
  <system-out/>
  <testcase classname="com.TestNG.Annotations1" name="GmailApplicationSentMailTest" time="0.002"/>
  <system-out/>
  <testcase classname="com.TestNG.Annotations1" name="GmailApplicationClose" time="0.002"/>
  <system-out/>
  <testcase classname="com.TestNG.Annotations1" name="GmailApplicationDraftsMailTest">
    <skipped/>
  </testcase> <!-- GmailApplicationDraftsMailTest -->
  <system-out/>
</testsuite> <!-- com.TestNG.Annotations1 -->
