<?xml version="1.0" encoding="UTF-8"?>
<!-- Generated by org.testng.reporters.JUnitReportReporter -->
<testsuite hostname="LAPTOP-8G7RLK1N" failures="0" tests="1" name="com.Xpath.LoginTestXpath" time="1.245" errors="0" timestamp="2023-12-06T21:37:22 IST" skipped="0">
  <testcase classname="com.Xpath.LoginTestXpath" name="Logincredentials" time="1.245"/>
  <system-out/>
</testsuite> <!-- com.Xpath.LoginTestXpath -->
