<?xml version="1.0" encoding="UTF-8"?>
<!-- Generated by org.testng.reporters.JUnitReportReporter -->
<testsuite hostname="LAPTOP-8G7RLK1N" failures="0" tests="2" name="com.Xpath.HomePageXpath" time="7.916" errors="0" timestamp="2023-12-07T12:15:38 IST" skipped="0">
  <testcase classname="com.Xpath.HomePageXpath" name="Logincredentials" time="1.948"/>
  <system-out/>
  <testcase classname="com.Xpath.HomePageXpath" name="OHRMHomePage" time="5.968"/>
  <system-out/>
</testsuite> <!-- com.Xpath.HomePageXpath -->
