<?xml version="1.0" encoding="UTF-8"?>
<!-- Generated by org.testng.reporters.JUnitReportReporter -->
<testsuite hostname="LAPTOP-8G7RLK1N" failures="0" tests="1" name="com.OrangeHRMTestCases.LoginTest" time="1.210" errors="0" timestamp="2023-12-06T18:55:17 IST" skipped="0">
  <testcase classname="com.OrangeHRMTestCases.LoginTest" name="Logincredentials" time="1.210"/>
  <system-out/>
</testsuite> <!-- com.OrangeHRMTestCases.LoginTest -->
