<?xml version="1.0" encoding="UTF-8"?>
<!-- Generated by org.testng.reporters.JUnitReportReporter -->
<testsuite hostname="LAPTOP-8G7RLK1N" failures="0" tests="1" name="JQuery.Frame_JQuery_GetText_DragMeToMyTarget" time="0.147" errors="0" timestamp="2023-12-06T22:51:35 IST" skipped="0">
  <testcase classname="JQuery.Frame_JQuery_GetText_DragMeToMyTarget" name="DragMeToMyTarget" time="0.147"/>
  <system-out/>
</testsuite> <!-- JQuery.Frame_JQuery_GetText_DragMeToMyTarget -->
